<?xml version="1.0" encoding="UTF-8"?>
<!-- Generated by org.testng.reporters.JUnitXMLReporter -->
<testsuite ignored="0" hostname="DESKTOP-M4FGBCI" failures="0" tests="3" name="Login Test" time="21.754" errors="0" timestamp="2024-05-02T22:50:09 IST">
  <testcase classname="Testingbaba_Test.Textbox_test" name="clickbox" time="0.295"/>
  <testcase classname="Testingbaba_Test.Textbox_test" name="readdata" time="3.787"/>
  <testcase classname="Testingbaba_Test.Textbox_test" name="btn" time="0.158"/>
</testsuite> <!-- Login Test -->
